<?xml version="1.0" encoding="UTF-8"?>
<!-- Generated by org.testng.reporters.JUnitXMLReporter -->
<testsuite ignored="0" hostname="LAPTOP-KJN1LOHG" failures="0" tests="5" name="Test" time="15.92" errors="0" timestamp="2022-10-09T21:23:51 IST">
  <testcase classname="com.souceDemo.TestClasses.TC01_VerifyLoginFunctionality" name="VerifyLoginFunctionality" time="0.012"/>
  <testcase classname="com.souceDemo.TestClasses.TC03_VerifyBagAddToCartFunctionality" name="VerifyBagAddToCartFunctionality" time="0.092"/>
  <testcase classname="com.souceDemo.TestClasses.TC05_VerifyWhetherWeAreAbleToApplyFilter" name="VerifyapplyFilter" time="0.292"/>
  <testcase classname="com.souceDemo.TestClasses.TC02_VerifyLogoutFunctionality" name="VerifyLogoutFunctionality" time="0.253"/>
  <testcase classname="com.souceDemo.TestClasses.TC04_VerifyAllProductFunctionality" name="VerifyAllProductFunctionality" time="0.236"/>
</testsuite> <!-- Test -->
