<?xml version="1.0" encoding="UTF-8"?>
<testng-results ignored="0" total="5" passed="5" failed="0" skipped="0">
  <reporter-output>
  </reporter-output>
  <suite started-at="2022-10-09T21:23:35 IST" name="Suite" finished-at="2022-10-09T21:23:51 IST" duration-ms="15920">
    <groups>
    </groups>
    <test started-at="2022-10-09T21:23:35 IST" name="Test" finished-at="2022-10-09T21:23:51 IST" duration-ms="15920">
      <class name="com.souceDemo.TestClasses.TC01_VerifyLoginFunctionality">
        <test-method is-config="true" signature="setUp(java.lang.String)[pri:0, instance:com.souceDemo.TestClasses.TC01_VerifyLoginFunctionality@4efc180e]" started-at="2022-10-09T21:23:35 IST" name="setUp" finished-at="2022-10-09T21:23:39 IST" duration-ms="3908" status="PASS">
          <params>
            <param index="0">
              <value>
                <![CDATA[chrome]]>
              </value>
            </param>
          </params>
          <reporter-output>
          </reporter-output>
        </test-method> <!-- setUp -->
        <test-method signature="VerifyLoginFunctionality()[pri:0, instance:com.souceDemo.TestClasses.TC01_VerifyLoginFunctionality@4efc180e]" started-at="2022-10-09T21:23:39 IST" name="VerifyLoginFunctionality" finished-at="2022-10-09T21:23:39 IST" duration-ms="12" status="PASS">
          <reporter-output>
          </reporter-output>
        </test-method> <!-- VerifyLoginFunctionality -->
        <test-method is-config="true" signature="tearDown()[pri:0, instance:com.souceDemo.TestClasses.TC01_VerifyLoginFunctionality@4efc180e]" started-at="2022-10-09T21:23:39 IST" name="tearDown" finished-at="2022-10-09T21:23:40 IST" duration-ms="195" status="PASS">
          <reporter-output>
          </reporter-output>
        </test-method> <!-- tearDown -->
      </class> <!-- com.souceDemo.TestClasses.TC01_VerifyLoginFunctionality -->
      <class name="com.souceDemo.TestClasses.TC03_VerifyBagAddToCartFunctionality">
        <test-method is-config="true" signature="setUp(java.lang.String)[pri:0, instance:com.souceDemo.TestClasses.TC03_VerifyBagAddToCartFunctionality@4f2b503c]" started-at="2022-10-09T21:23:40 IST" name="setUp" finished-at="2022-10-09T21:23:42 IST" duration-ms="2696" status="PASS">
          <params>
            <param index="0">
              <value>
                <![CDATA[chrome]]>
              </value>
            </param>
          </params>
          <reporter-output>
          </reporter-output>
        </test-method> <!-- setUp -->
        <test-method signature="VerifyBagAddToCartFunctionality()[pri:0, instance:com.souceDemo.TestClasses.TC03_VerifyBagAddToCartFunctionality@4f2b503c]" started-at="2022-10-09T21:23:42 IST" name="VerifyBagAddToCartFunctionality" finished-at="2022-10-09T21:23:42 IST" duration-ms="92" status="PASS">
          <reporter-output>
          </reporter-output>
        </test-method> <!-- VerifyBagAddToCartFunctionality -->
        <test-method is-config="true" signature="tearDown()[pri:0, instance:com.souceDemo.TestClasses.TC03_VerifyBagAddToCartFunctionality@4f2b503c]" started-at="2022-10-09T21:23:42 IST" name="tearDown" finished-at="2022-10-09T21:23:43 IST" duration-ms="159" status="PASS">
          <reporter-output>
          </reporter-output>
        </test-method> <!-- tearDown -->
      </class> <!-- com.souceDemo.TestClasses.TC03_VerifyBagAddToCartFunctionality -->
      <class name="com.souceDemo.TestClasses.TC05_VerifyWhetherWeAreAbleToApplyFilter">
        <test-method is-config="true" signature="setUp(java.lang.String)[pri:0, instance:com.souceDemo.TestClasses.TC05_VerifyWhetherWeAreAbleToApplyFilter@bae7dc0]" started-at="2022-10-09T21:23:43 IST" name="setUp" finished-at="2022-10-09T21:23:45 IST" duration-ms="2534" status="PASS">
          <params>
            <param index="0">
              <value>
                <![CDATA[chrome]]>
              </value>
            </param>
          </params>
          <reporter-output>
          </reporter-output>
        </test-method> <!-- setUp -->
        <test-method signature="VerifyapplyFilter()[pri:0, instance:com.souceDemo.TestClasses.TC05_VerifyWhetherWeAreAbleToApplyFilter@bae7dc0]" started-at="2022-10-09T21:23:45 IST" name="VerifyapplyFilter" finished-at="2022-10-09T21:23:45 IST" duration-ms="292" status="PASS">
          <reporter-output>
          </reporter-output>
        </test-method> <!-- VerifyapplyFilter -->
        <test-method is-config="true" signature="tearDown()[pri:0, instance:com.souceDemo.TestClasses.TC05_VerifyWhetherWeAreAbleToApplyFilter@bae7dc0]" started-at="2022-10-09T21:23:45 IST" name="tearDown" finished-at="2022-10-09T21:23:46 IST" duration-ms="165" status="PASS">
          <reporter-output>
          </reporter-output>
        </test-method> <!-- tearDown -->
      </class> <!-- com.souceDemo.TestClasses.TC05_VerifyWhetherWeAreAbleToApplyFilter -->
      <class name="com.souceDemo.TestClasses.TC02_VerifyLogoutFunctionality">
        <test-method is-config="true" signature="setUp(java.lang.String)[pri:0, instance:com.souceDemo.TestClasses.TC02_VerifyLogoutFunctionality@209da20d]" started-at="2022-10-09T21:23:46 IST" name="setUp" finished-at="2022-10-09T21:23:48 IST" duration-ms="2496" status="PASS">
          <params>
            <param index="0">
              <value>
                <![CDATA[chrome]]>
              </value>
            </param>
          </params>
          <reporter-output>
          </reporter-output>
        </test-method> <!-- setUp -->
        <test-method signature="VerifyLogoutFunctionality()[pri:0, instance:com.souceDemo.TestClasses.TC02_VerifyLogoutFunctionality@209da20d]" started-at="2022-10-09T21:23:48 IST" name="VerifyLogoutFunctionality" finished-at="2022-10-09T21:23:48 IST" duration-ms="253" status="PASS">
          <reporter-output>
          </reporter-output>
        </test-method> <!-- VerifyLogoutFunctionality -->
        <test-method is-config="true" signature="tearDown()[pri:0, instance:com.souceDemo.TestClasses.TC02_VerifyLogoutFunctionality@209da20d]" started-at="2022-10-09T21:23:48 IST" name="tearDown" finished-at="2022-10-09T21:23:48 IST" duration-ms="178" status="PASS">
          <reporter-output>
          </reporter-output>
        </test-method> <!-- tearDown -->
      </class> <!-- com.souceDemo.TestClasses.TC02_VerifyLogoutFunctionality -->
      <class name="com.souceDemo.TestClasses.TC04_VerifyAllProductFunctionality">
        <test-method is-config="true" signature="setUp(java.lang.String)[pri:0, instance:com.souceDemo.TestClasses.TC04_VerifyAllProductFunctionality@e15b7e8]" started-at="2022-10-09T21:23:48 IST" name="setUp" finished-at="2022-10-09T21:23:51 IST" duration-ms="2473" status="PASS">
          <params>
            <param index="0">
              <value>
                <![CDATA[chrome]]>
              </value>
            </param>
          </params>
          <reporter-output>
          </reporter-output>
        </test-method> <!-- setUp -->
        <test-method signature="VerifyAllProductFunctionality()[pri:0, instance:com.souceDemo.TestClasses.TC04_VerifyAllProductFunctionality@e15b7e8]" started-at="2022-10-09T21:23:51 IST" name="VerifyAllProductFunctionality" finished-at="2022-10-09T21:23:51 IST" duration-ms="236" status="PASS">
          <reporter-output>
          </reporter-output>
        </test-method> <!-- VerifyAllProductFunctionality -->
        <test-method is-config="true" signature="tearDown()[pri:0, instance:com.souceDemo.TestClasses.TC04_VerifyAllProductFunctionality@e15b7e8]" started-at="2022-10-09T21:23:51 IST" name="tearDown" finished-at="2022-10-09T21:23:51 IST" duration-ms="180" status="PASS">
          <reporter-output>
          </reporter-output>
        </test-method> <!-- tearDown -->
      </class> <!-- com.souceDemo.TestClasses.TC04_VerifyAllProductFunctionality -->
    </test> <!-- Test -->
  </suite> <!-- Suite -->
</testng-results>
